<?xml version="1.0" encoding="UTF-8"?>
<testsuite name="QueenLogicTests" tests="1" skipped="0" failures="0" errors="0" timestamp="2018-10-02T16:48:14" hostname="amateen-HP-ENVY-x360-m6-Convertible" time="0.001">
  <properties/>
  <testcase name="testSafety" classname="QueenLogicTests" time="0.001"/>
  <system-out><![CDATA[]]></system-out>
  <system-err><![CDATA[]]></system-err>
</testsuite>
